2018-07-23T15:18:25.316Z - normal: Load ~/.CocosCreator/settings.json
2018-07-23T15:18:25.320Z - normal: checking language setting...
2018-07-23T15:18:25.321Z - normal: Language: zh
2018-07-23T15:18:27.892Z - success: protocol editor-framework registered
2018-07-23T15:18:27.893Z - success: protocol app registered
2018-07-23T15:18:27.893Z - success: protocol theme registered
2018-07-23T15:18:27.893Z - success: protocol packages registered
2018-07-23T15:18:27.894Z - success: protocol unpack registerred
2018-07-23T15:18:27.894Z - success: protocol disable-commonjs registerred
2018-07-23T15:18:28.059Z - normal: connected!
2018-07-23T15:18:28.061Z - normal: Check project /Users/tangguobin/Downloads/polished_project
2018-07-23T15:18:28.068Z - normal: Initializing Cocos2d
2018-07-23T15:18:29.272Z - normal: Initializing Asset Database
2018-07-23T15:18:29.405Z - success: protocol uuid registerred
2018-07-23T15:18:29.405Z - success: protocol db registerred
2018-07-23T15:18:29.405Z - success: protocol thumbnail registerred
2018-07-23T15:18:29.406Z - normal: Loading editor/builtin packages
2018-07-23T15:18:29.630Z - success: anysdk loaded
2018-07-23T15:18:29.831Z - success: assets loaded
2018-07-23T15:18:29.840Z - success: builder loaded
2018-07-23T15:18:29.849Z - success: cocos-analytics loaded
2018-07-23T15:18:29.897Z - success: console loaded
2018-07-23T15:18:29.932Z - success: fb-instant-games loaded
2018-07-23T15:18:29.942Z - success: hierarchy loaded
2018-07-23T15:18:29.952Z - success: inspector loaded
2018-07-23T15:18:29.954Z - success: keystore loaded
2018-07-23T15:18:29.965Z - success: node-library loaded
2018-07-23T15:18:29.967Z - success: package-asset loaded
2018-07-23T15:18:29.969Z - success: preferences loaded
2018-07-23T15:18:29.979Z - success: project-exporter loaded
2018-07-23T15:18:30.028Z - success: project-importer loaded
2018-07-23T15:18:30.037Z - success: project-settings loaded
2018-07-23T15:18:30.098Z - success: ui-kit loaded
2018-07-23T15:18:30.122Z - success: ui-grid loaded
2018-07-23T15:18:30.133Z - success: scene loaded
2018-07-23T15:18:30.135Z - success: sprite-editor loaded
2018-07-23T15:18:30.146Z - success: store loaded
2018-07-23T15:18:30.157Z - success: timeline loaded
2018-07-23T15:18:30.158Z - normal: Loading builtin packages
2018-07-23T15:18:30.206Z - success: asset-db-debugger loaded
2018-07-23T15:18:30.207Z - success: color-picker loaded
2018-07-23T15:18:30.217Z - success: package-manager loaded
2018-07-23T15:18:30.218Z - success: qqplay-adapter loaded
2018-07-23T15:18:30.250Z - success: sdkbox loaded
2018-07-23T15:18:30.262Z - success: tester loaded
2018-07-23T15:18:30.288Z - success: ui-kit-preview-extra loaded
2018-07-23T15:18:30.315Z - success: ui-kit-preview loaded
2018-07-23T15:18:30.335Z - success: ui-tree loaded
2018-07-23T15:18:30.358Z - success: weapp-adapter loaded
2018-07-23T15:18:31.926Z - normal: Initializing project /Users/tangguobin/Downloads/polished_project
2018-07-23T15:18:31.981Z - normal: Loading packages
2018-07-23T15:18:31.986Z - normal: Watching packages
2018-07-23T15:18:32.131Z - normal: Run Application
2018-07-23T15:18:33.938Z - success: preview server running at http://localhost:7456
2018-07-23T15:18:43.671Z - normal: 1.9.3
2018-07-23T15:40:42.111Z - normal: Start building with options : {
  "androidStudio": true,
  "apiLevel": "",
  "appABIs": [],
  "appKey": "",
  "appSecret": "",
  "buildPath": "/Users/tangguobin/Downloads/polished_project/build",
  "debug": false,
  "dest": "/Users/tangguobin/Downloads/polished_project/build/wechatgame",
  "encryptJs": true,
  "excludeScenes": [],
  "excludedModules": [],
  "fb-instant-games": {},
  "includeAnySDK": false,
  "includeEruda": false,
  "includeSDKBox": false,
  "inlineSpriteFrames": true,
  "inlineSpriteFrames_native": true,
  "jailbreakPlatform": false,
  "md5Cache": false,
  "mergeStartScene": false,
  "oauthLoginServer": "",
  "optimizeHotUpdate": false,
  "orientation": {
    "landscapeLeft": true,
    "landscapeRight": true,
    "portrait": false,
    "upsideDown": false
  },
  "packageName": "org.cocos2d.polished_project",
  "platform": "wechatgame",
  "previewHeight": "720",
  "previewWidth": "1280",
  "privateKey": "",
  "qqplay": {
    "REMOTE_SERVER_ROOT": "",
    "orientation": "portrait"
  },
  "renderMode": "0",
  "scenes": [
    "0b9c76e0-2054-4eea-a6d9-040d0aa037f0"
  ],
  "sourceMaps": false,
  "startScene": "0b9c76e0-2054-4eea-a6d9-040d0aa037f0",
  "template": "link",
  "title": "polished_project",
  "useDebugKeystore": true,
  "vsVersion": "auto",
  "webOrientation": "auto",
  "wechatgame": {
    "REMOTE_SERVER_ROOT": "",
    "appid": "wx6ac3f5090a6b99c5",
    "isSubdomain": false,
    "orientation": "landscape",
    "subContext": ""
  },
  "xxteaKey": "aff5cc38-795f-48",
  "zipCompressJs": true,
  "project": "/Users/tangguobin/Downloads/polished_project",
  "projectName": "polished_project",
  "debugBuildWorker": false
}
2018-07-23T15:40:42.116Z - normal: Building /Users/tangguobin/Downloads/polished_project
2018-07-23T15:40:42.117Z - normal: Destination /Users/tangguobin/Downloads/polished_project/build/wechatgame
2018-07-23T15:40:42.646Z - normal: Delete /Users/tangguobin/Downloads/polished_project/build/wechatgame/**/*
2018-07-23T15:40:45.612Z - warn: 找不到微信开发程序版本信息路径 [/wechatwebdevtools.app/Contents/Resources/app.nw/package.json]。
2018-07-23T15:40:45.612Z - warn: 微信开发程序版本过低，不能享用所有功能，请尽快升级。
2018-07-23T15:40:47.729Z - normal: Initializing...
idePortFile: /Users/tangguobin/Library/Application Support/微信web开发者工具/Default/.ide
starting ide...

2018-07-23T15:40:47.732Z - warn: 找不到微信开发程序版本信息路径 [/wechatwebdevtools.app/Contents/Resources/app.nw/package.json]。
2018-07-23T15:40:47.732Z - warn: 微信开发程序版本过低，不能享用所有功能，请尽快升级。
2018-07-23T15:40:48.335Z - normal: Initializing...
idePortFile: /Users/tangguobin/Library/Application Support/微信web开发者工具/Default/.ide
starting ide...

2018-07-23T15:41:33.034Z - normal: IDE server has started, listening on http://127.0.0.1:19616
initialization finished

2018-07-23T15:41:33.055Z - error: StatusCodeError: 400 - "{\"code\":400002,\"error\":\"请检查是否 project.config.json 是否存在及是否有效\"}"

    at Socket.<anonymous> (/Applications/CocosCreator.app/Contents/Resources/app.asar/editor/core/wechat-game.js:1:1302)
    at emitOne (events.js:96:13)
    at Socket.emit (events.js:191:7)
    at readableAddChunk (_stream_readable.js:178:18)
    at Socket.Readable.push (_stream_readable.js:136:10)
    at Pipe.onread (net.js:560:20)
2018-07-23T15:41:37.643Z - normal: Compiled project javascript file successfully
2018-07-23T15:41:37.643Z - normal: Start building assets
2018-07-23T15:41:37.644Z - normal: Start spawn build-worker
2018-07-23T15:41:38.468Z - normal: Finish spawn build-worker
2018-07-23T15:41:38.468Z - normal: Start init build-worker
2018-07-23T15:41:40.771Z - normal: 1.9.3
2018-07-23T15:41:40.907Z - normal: Finish init build-worker
2018-07-23T15:41:40.908Z - normal: Start build-assets in worker
2018-07-23T15:41:41.538Z - normal: Finish build-assets in worker
2018-07-23T15:41:41.541Z - normal: Finish building assets
2018-07-23T15:41:41.554Z - normal: Start building raw assets
2018-07-23T15:41:41.555Z - normal: Start building plugin scripts
2018-07-23T15:41:41.639Z - normal: Finish building raw assets
2018-07-23T15:41:41.670Z - normal: Generating main.js from /Applications/CocosCreator.app/Contents/Resources/static/build-templates/shares/main.js
2018-07-23T15:41:43.648Z - normal: Built to "/Users/tangguobin/Downloads/polished_project/build/wechatgame" successfully
2018-07-23T15:44:51.521Z - normal: Simulator: WORKAREA WIDTH 1920.00, HEIGHT 966.00
2018-07-23T15:44:51.548Z - normal: Simulator: FRAME SCALE = 1.00
2018-07-23T15:44:51.871Z - normal: Simulator: 
2018-07-23T15:44:51.871Z - normal: Simulator: {
2018-07-23T15:44:51.872Z - normal: Simulator: 	gl.supports_OES_map_buffer: false
2018-07-23T15:44:51.872Z - normal: Simulator: 	gl.supports_vertex_array_object: true
2018-07-23T15:44:51.872Z - normal: Simulator: 	cocos2d.x.version: Cocos2d-x-lite v1.8.2
2018-07-23T15:44:51.873Z - normal: Simulator: 	gl.vendor: Intel Inc.
2018-07-23T15:44:51.873Z - normal: Simulator: 	gl.supports_PVRTC: false
2018-07-23T15:44:51.873Z - normal: Simulator: 	gl.renderer: Intel Iris OpenGL Engine
2018-07-23T15:44:51.873Z - normal: Simulator: 	cocos2d.x.compiled_with_profiler: false
2018-07-23T15:44:51.874Z - normal: Simulator: 	gl.max_texture_size: 16384
2018-07-23T15:44:51.874Z - normal: Simulator: 	gl.supports_ETC1: false
2018-07-23T15:44:51.874Z - normal: Simulator: 	gl.supports_BGRA8888: false
2018-07-23T15:44:51.875Z - normal: Simulator: 	cocos2d.x.build_type: DEBUG
2018-07-23T15:44:51.875Z - normal: Simulator: 	gl.max_texture_units: 16
2018-07-23T15:44:51.875Z - normal: Simulator: 	gl.supports_OES_packed_depth_stencil: false
2018-07-23T15:44:51.876Z - normal: Simulator: 	gl.supports_discard_framebuffer: false
2018-07-23T15:44:51.876Z - normal: Simulator: 	gl.supports_NPOT: true
2018-07-23T15:44:51.876Z - normal: Simulator: 	gl.version: 2.1 INTEL-10.34.27
2018-07-23T15:44:51.876Z - normal: Simulator: 	cocos2d.x.compiled_with_gl_state_cache: true
2018-07-23T15:44:51.876Z - normal: Simulator: 	gl.supports_OES_depth24: false
2018-07-23T15:44:51.877Z - normal: Simulator: }
2018-07-23T15:44:51.877Z - normal: Simulator: 
2018-07-23T15:44:51.877Z - normal: Simulator: 
2018-07-23T15:44:51.877Z - normal: Simulator: cocos2d: warning, Director::setProjection() failed because size is 0
2018-07-23T15:44:51.986Z - normal: Simulator: Project Config:
2018-07-23T15:44:51.987Z - normal: Simulator:     project dir: /Applications/CocosCreator.app/Contents/Resources/cocos2d-x/simulator/mac/Simulator.app/Contents/Resources/
2018-07-23T15:44:51.987Z - normal: Simulator:     writable path: $(PROJDIR)/
2018-07-23T15:44:51.987Z - normal: Simulator:     script file: $(PROJDIR)/main.js
2018-07-23T15:44:51.988Z - normal: Simulator:     frame size: 960 x 640
2018-07-23T15:44:51.988Z - normal: Simulator:     frame scale: 1.00
2018-07-23T15:44:51.988Z - normal: Simulator:     show console: NO
2018-07-23T15:44:51.988Z - normal: Simulator:     write debug log: NO ()
2018-07-23T15:44:51.989Z - normal: Simulator:     listen: 
2018-07-23T15:44:51.989Z - normal: Simulator:     debugger: none
2018-07-23T15:44:51.989Z - normal: Simulator:     add searching path:
2018-07-23T15:44:52.006Z - normal: Simulator: ------------------------------------------------
2018-07-23T15:44:52.007Z - normal: Simulator: LOAD Js FILE: main.js
2018-07-23T15:44:52.007Z - normal: Simulator: ------------------------------------------------
2018-07-23T15:44:52.007Z - normal: Simulator: Initializing JavaScriptCore 
2018-07-23T15:44:52.434Z - normal: Simulator: JS: Cocos2d-x-lite v1.8.2
2018-07-23T15:44:52.693Z - normal: Simulator: iShow!
2018-07-23T15:44:53.073Z - normal: Simulator: JS: InitScene: 2.075999999999908ms
2018-07-23T15:44:53.074Z - normal: Simulator: JS: AutoRelease: 0.4029999999999063ms
2018-07-23T15:44:53.074Z - normal: Simulator: JS: Destroy: 0.12999999999999545ms
2018-07-23T15:44:53.075Z - normal: Simulator: JS: AttachPersist: 0.033999999999991815ms
2018-07-23T15:44:53.150Z - normal: Simulator: JS: Activate: 77.41300000000001ms
2018-07-23T15:44:53.154Z - normal: Simulator: cocos2d: QuadCommand: resizing index size from [-1] to [2560]
2018-07-23T15:44:57.707Z - normal: Simulator: I/AudioEngine-inl.mm (359): OpenAL was initialized successfully!
2018-07-23T15:44:57.708Z - normal: Simulator: Can't find property: onTouchMoved
2018-07-23T15:44:59.618Z - normal: Simulator: V/AudioCache (311): pcm buffer was loaded successfully, total frames: 8117, total read frames: 8117, adjust frames: 0, remainingFrames: 0
2018-07-23T15:44:59.618Z - normal: Simulator: V/AudioCache (311): pcm buffer was loaded successfully, total frames: 25384, total read frames: 25384, adjust frames: 0, remainingFrames: 0
2018-07-23T15:44:59.618Z - normal: Simulator: Can't find property: onTouchMoved
2018-07-23T15:44:59.644Z - normal: Simulator: Can't find property: onTouchMoved
2018-07-23T15:44:59.644Z - normal: Simulator: Can't find property: onTouchMoved
2018-07-23T15:44:59.654Z - normal: Simulator: Can't find property: onTouchMoved
2018-07-23T15:44:59.670Z - normal: Simulator: Can't find property: onTouchMoved
2018-07-23T15:44:59.685Z - normal: Simulator: Can't find property: onTouchMoved
2018-07-23T15:44:59.886Z - normal: Simulator: Can't find property: onTouchMoved
2018-07-23T15:44:59.918Z - normal: Simulator: Can't find property: onTouchMoved
2018-07-23T15:45:08.109Z - normal: Simulator: ScriptEngine::cleanup begin ...
2018-07-23T15:45:08.110Z - normal: Simulator: GC begin ..., (Native -> JS map) count: 146
2018-07-23T15:45:08.134Z - normal: Simulator: GC end ..., (Native -> JS map) count: 97
2018-07-23T15:45:08.135Z - normal: Simulator: GC begin ..., (Native -> JS map) count: 97
2018-07-23T15:45:08.138Z - normal: Simulator: GC end ..., (Native -> JS map) count: 97
2018-07-23T15:45:08.141Z - normal: Simulator: GC begin ..., (Native -> JS map) count: 97
2018-07-23T15:45:08.142Z - normal: Simulator: GC end ..., (Native -> JS map) count: 97
2018-07-23T15:45:08.153Z - normal: Simulator: Starting to cleanup dragonbones object, count: 0
2018-07-23T15:45:08.154Z - normal: Simulator: After first cleanup, dragonbones object remained count: 0
2018-07-23T15:45:08.154Z - normal: Simulator: After second cleanup, dragonbones object remained count: 0
2018-07-23T15:45:08.155Z - normal: Simulator: ScriptEngine::cleanup end ...
