2018-07-25T14:03:07.942Z - normal: Load ~/.CocosCreator/settings.json
2018-07-25T14:03:07.947Z - normal: checking language setting...
2018-07-25T14:03:07.947Z - normal: Language: zh
2018-07-25T14:03:10.059Z - success: protocol editor-framework registered
2018-07-25T14:03:10.059Z - success: protocol app registered
2018-07-25T14:03:10.060Z - success: protocol theme registered
2018-07-25T14:03:10.060Z - success: protocol packages registered
2018-07-25T14:03:10.060Z - success: protocol unpack registerred
2018-07-25T14:03:10.061Z - success: protocol disable-commonjs registerred
2018-07-25T14:03:10.206Z - normal: connected!
2018-07-25T14:03:10.207Z - normal: Check project /Users/tangguobin/start-rep/start_project
2018-07-25T14:03:10.208Z - normal: Initializing Cocos2d
2018-07-25T14:03:10.644Z - normal: Initializing Asset Database
2018-07-25T14:03:10.732Z - success: protocol uuid registerred
2018-07-25T14:03:10.732Z - success: protocol db registerred
2018-07-25T14:03:10.732Z - success: protocol thumbnail registerred
2018-07-25T14:03:10.733Z - normal: Loading editor/builtin packages
2018-07-25T14:03:10.810Z - success: anysdk loaded
2018-07-25T14:03:10.982Z - success: assets loaded
2018-07-25T14:03:10.986Z - success: builder loaded
2018-07-25T14:03:10.988Z - success: cocos-analytics loaded
2018-07-25T14:03:10.993Z - success: console loaded
2018-07-25T14:03:11.026Z - success: fb-instant-games loaded
2018-07-25T14:03:11.031Z - success: hierarchy loaded
2018-07-25T14:03:11.044Z - success: inspector loaded
2018-07-25T14:03:11.045Z - success: keystore loaded
2018-07-25T14:03:11.050Z - success: node-library loaded
2018-07-25T14:03:11.052Z - success: package-asset loaded
2018-07-25T14:03:11.054Z - success: preferences loaded
2018-07-25T14:03:11.057Z - success: project-exporter loaded
2018-07-25T14:03:11.075Z - success: project-importer loaded
2018-07-25T14:03:11.078Z - success: project-settings loaded
2018-07-25T14:03:11.082Z - success: ui-kit loaded
2018-07-25T14:03:11.119Z - success: ui-grid loaded
2018-07-25T14:03:11.124Z - success: scene loaded
2018-07-25T14:03:11.126Z - success: sprite-editor loaded
2018-07-25T14:03:11.130Z - success: store loaded
2018-07-25T14:03:11.137Z - success: timeline loaded
2018-07-25T14:03:11.137Z - normal: Loading builtin packages
2018-07-25T14:03:11.182Z - success: asset-db-debugger loaded
2018-07-25T14:03:11.183Z - success: color-picker loaded
2018-07-25T14:03:11.187Z - success: package-manager loaded
2018-07-25T14:03:11.188Z - success: qqplay-adapter loaded
2018-07-25T14:03:11.198Z - success: sdkbox loaded
2018-07-25T14:03:11.203Z - success: tester loaded
2018-07-25T14:03:11.208Z - success: ui-kit-preview-extra loaded
2018-07-25T14:03:11.212Z - success: ui-kit-preview loaded
2018-07-25T14:03:11.216Z - success: ui-tree loaded
2018-07-25T14:03:11.228Z - success: weapp-adapter loaded
2018-07-25T14:03:12.717Z - normal: Initializing project /Users/tangguobin/start-rep/start_project
2018-07-25T14:03:12.734Z - normal: Loading packages
2018-07-25T14:03:12.740Z - normal: Watching packages
2018-07-25T14:03:12.851Z - normal: Run Application
2018-07-25T14:03:14.063Z - success: preview server running at http://localhost:7456
2018-07-25T14:03:20.260Z - normal: 1.9.3
2018-07-25T14:03:38.895Z - success: VS Code extension installed to /Users/tangguobin/.vscode/extensions
2018-07-25T14:07:50.695Z - success: API data generated and copied to /Users/tangguobin/start-rep/start_project/creator.d.ts
2018-07-25T14:28:32.347Z - success: Compiling task has been added to .vscode/tasks.json, please run "compile" task in VS Code to trigger compile in Cocos Creator.
2018-07-25T14:48:58.429Z - success: Chrome debug setting has been updated to .vscode/launch.json, please install Debugger for Chrome VS Code extension to debug your project.
